<?xml version="1.0" encoding="UTF-8"?>
<!-- Generated by org.testng.reporters.JUnitReportReporter -->
<testsuite hostname="HP" failures="1" tests="12" name="SequenceOfTestCasese.ChekingTestCaseSequence" time="0.116" errors="0" timestamp="2022-08-20T23:47:10 IST" skipped="0">
  <testcase classname="SequenceOfTestCasese.ChekingTestCaseSequence" name="atestcase2" time="0.013">
    <failure message="expected [true] but found [false]" type="java.lang.AssertionError">
      <![CDATA[java.lang.AssertionError: expected [true] but found [false]
at org.testng.Assert.fail(Assert.java:99)
at org.testng.Assert.failNotEquals(Assert.java:1037)
at org.testng.Assert.assertEqualsImpl(Assert.java:140)
at org.testng.Assert.assertEquals(Assert.java:122)
at org.testng.Assert.assertEquals(Assert.java:819)
at org.testng.Assert.assertEquals(Assert.java:829)
at SequenceOfTestCasese.ChekingTestCaseSequence.atestcase2(ChekingTestCaseSequence.java:19)
at java.base/jdk.internal.reflect.NativeMethodAccessorImpl.invoke0(Native Method)
at java.base/jdk.internal.reflect.NativeMethodAccessorImpl.invoke(NativeMethodAccessorImpl.java:64)
at java.base/jdk.internal.reflect.DelegatingMethodAccessorImpl.invoke(DelegatingMethodAccessorImpl.java:43)
at java.base/java.lang.reflect.Method.invoke(Method.java:564)
at org.testng.internal.MethodInvocationHelper.invokeMethod(MethodInvocationHelper.java:133)
at org.testng.internal.TestInvoker.invokeMethod(TestInvoker.java:598)
at org.testng.internal.TestInvoker.invokeTestMethod(TestInvoker.java:173)
at org.testng.internal.MethodRunner.runInSequence(MethodRunner.java:46)
at org.testng.internal.TestInvoker$MethodInvocationAgent.invoke(TestInvoker.java:824)
at org.testng.internal.TestInvoker.invokeTestMethods(TestInvoker.java:146)
at org.testng.internal.TestMethodWorker.invokeTestMethods(TestMethodWorker.java:146)
at org.testng.internal.TestMethodWorker.run(TestMethodWorker.java:128)
at java.base/java.util.concurrent.ThreadPoolExecutor.runWorker(ThreadPoolExecutor.java:1130)
at java.base/java.util.concurrent.ThreadPoolExecutor$Worker.run(ThreadPoolExecutor.java:630)
at java.base/java.lang.Thread.run(Thread.java:832)
]]>
    </failure>
  </testcase> <!-- atestcase2 -->
  <system-out/>
  <testcase classname="SequenceOfTestCasese.ChekingTestCaseSequence" name="testcase1" time="0.033"/>
  <system-out/>
  <testcase classname="SequenceOfTestCasese.ChekingTestCaseSequence" name="checkReporter" time="0.002"/>
  <system-out>
    <![CDATA[chekingLogSantosh]]>
  </system-out>
  <testcase classname="SequenceOfTestCasese.ChekingTestCaseSequence" name="checkReporter" time="0.006"/>
  <system-out>
    <![CDATA[chekingLogSantosh]]>
  </system-out>
  <testcase classname="SequenceOfTestCasese.ChekingTestCaseSequence" name="checkReporter" time="0.001"/>
  <system-out>
    <![CDATA[chekingLogSantosh]]>
  </system-out>
  <testcase classname="SequenceOfTestCasese.ChekingTestCaseSequence" name="checkReporter" time="0.000"/>
  <system-out>
    <![CDATA[chekingLogSantosh]]>
  </system-out>
  <testcase classname="SequenceOfTestCasese.ChekingTestCaseSequence" name="checkReporter" time="0.005"/>
  <system-out>
    <![CDATA[chekingLogSantosh]]>
  </system-out>
  <testcase classname="SequenceOfTestCasese.ChekingTestCaseSequence" name="checkReporter" time="0.037"/>
  <system-out>
    <![CDATA[chekingLogSantosh]]>
  </system-out>
  <testcase classname="SequenceOfTestCasese.ChekingTestCaseSequence" name="checkReporter" time="0.002"/>
  <system-out>
    <![CDATA[chekingLogSantosh]]>
  </system-out>
  <testcase classname="SequenceOfTestCasese.ChekingTestCaseSequence" name="checkReporter" time="0.002"/>
  <system-out>
    <![CDATA[chekingLogSantosh]]>
  </system-out>
  <testcase classname="SequenceOfTestCasese.ChekingTestCaseSequence" name="checkReporter" time="0.002"/>
  <system-out>
    <![CDATA[chekingLogSantosh]]>
  </system-out>
  <testcase classname="SequenceOfTestCasese.ChekingTestCaseSequence" name="checkReporter" time="0.013"/>
  <system-out>
    <![CDATA[chekingLogSantosh]]>
  </system-out>
</testsuite> <!-- SequenceOfTestCasese.ChekingTestCaseSequence -->
