<?xml version="1.0" encoding="UTF-8"?>
<!-- Generated by org.testng.reporters.JUnitReportReporter -->
<testsuite hostname="HP" failures="0" tests="4" name="IncludeExclude.gruops" time="0.319" errors="0" timestamp="2022-08-21T14:41:25 IST" skipped="0">
  <testcase classname="IncludeExclude.gruops" name="verifyUrlOfPge" time="0.037"/>
  <system-out>
    <![CDATA[start test
start successful]]>
  </system-out>
  <testcase classname="IncludeExclude.gruops" name="verifyingTitleOfPage" time="0.068"/>
  <system-out>
    <![CDATA[start test
start successful]]>
  </system-out>
  <testcase classname="IncludeExclude.gruops" name="verifyingUpperIconGlosary" time="0.157"/>
  <system-out>
    <![CDATA[start test
start successful]]>
  </system-out>
  <testcase classname="IncludeExclude.gruops" name="verifyingUpperIconTopOffer" time="0.057"/>
  <system-out>
    <![CDATA[start test
start successful]]>
  </system-out>
</testsuite> <!-- IncludeExclude.gruops -->
